2025-11-19 15:08:53,300 - __main__ - INFO - Pharmagen_Log iniciado correctamente
2025-11-19 15:08:57,247 - __main__ - INFO - Usuario seleccionó opción: 2
2025-11-19 15:09:05,334 - __main__ - INFO - Lanzando pgen_model
2025-11-19 15:09:28,526 - __main__ - INFO - Pharmagen_Log iniciado correctamente
2025-11-19 15:10:18,224 - __main__ - INFO - Usuario seleccionó opción: 2
2025-11-19 15:10:26,330 - __main__ - INFO - Lanzando pgen_model
2025-11-19 15:10:35,234 - __main__ - INFO - Pharmagen_Log iniciado correctamente
2025-11-19 15:10:35,234 - __main__ - INFO - Usuario seleccionó opción: 
2025-11-19 15:10:35,235 - __main__ - WARNING - Opción no válida seleccionada: 
2025-11-19 15:10:36,724 - __main__ - INFO - Usuario seleccionó opción: 
2025-11-19 15:10:36,724 - __main__ - WARNING - Opción no válida seleccionada: 
2025-11-19 15:12:43,908 - __main__ - INFO - Usuario seleccionó opción: 
2025-11-19 15:12:43,908 - __main__ - WARNING - Opción no válida seleccionada: 
2025-11-19 15:12:45,375 - __main__ - INFO - Usuario seleccionó opción: 2
2025-11-19 15:12:53,533 - __main__ - INFO - Lanzando pgen_model
2025-11-19 15:13:01,304 - __main__ - INFO - Pharmagen_Log iniciado correctamente
2025-11-19 15:14:23,023 - __main__ - INFO - Usuario seleccionó opción: 2
2025-11-19 15:14:31,101 - __main__ - INFO - Lanzando pgen_model
2025-11-19 15:14:37,528 - __main__ - INFO - Pharmagen_Log iniciado correctamente
2025-11-19 15:16:15,718 - __main__ - INFO - Usuario seleccionó opción: 2
2025-11-19 15:16:23,816 - __main__ - INFO - Lanzando pgen_model
2025-11-19 15:16:33,258 - __main__ - INFO - Pharmagen_Log iniciado correctamente
2025-11-19 15:20:35,385 - __main__ - INFO - Usuario seleccionó opción: 2
2025-11-19 15:20:43,481 - __main__ - INFO - Lanzando pgen_model
2025-11-19 15:20:50,356 - __main__ - INFO - Programa interrumpido por el usuario (Ctrl+C)
